  main.cpp
D:\Users\Daniel\Documents\Compu\Semestre_8\Compu_Grafica\Project1\Project1\include\shader_m.h(44,40): warning C4101: 'e': variable local sin referencia
  (compilando archivo de origen "main.cpp")
  
D:\Users\Daniel\Documents\Compu\Semestre_8\Compu_Grafica\Project1\Project1\include\mesh.h(88,50): warning C4267: 'argumento': conversión de 'size_t' a 'GLsizei'; posible pérdida de datos
  (compilando archivo de origen "main.cpp")
  
D:\Users\Daniel\Documents\Compu\Semestre_8\Compu_Grafica\Project1\Project1\include\meshAnim.h(116,50): warning C4267: 'argumento': conversión de 'size_t' a 'GLsizei'; posible pérdida de datos
  (compilando archivo de origen "main.cpp")
  
D:\Users\Daniel\Documents\Compu\Semestre_8\Compu_Grafica\Project1\Project1\include\modelAnim.h(104,44): warning C4244: '=': conversión de 'double' a 'float'; posible pérdida de datos
  (compilando archivo de origen "main.cpp")
  
D:\Users\Daniel\Documents\Compu\Semestre_8\Compu_Grafica\Project1\Project1\include\modelAnim.h(520,24): warning C4244: 'inicializando': conversión de 'double' a 'float'; posible pérdida de datos
  (compilando archivo de origen "main.cpp")
  
D:\Users\Daniel\Documents\Compu\Semestre_8\Compu_Grafica\Project1\Project1\main.cpp(516,27): warning C4244: '=': conversión de 'Uint64' a 'double'; posible pérdida de datos
D:\Users\Daniel\Documents\Compu\Semestre_8\Compu_Grafica\Project1\Project1\main.cpp(957,11): warning C4244: '=': conversión de 'double' a 'GLfloat'; posible pérdida de datos
D:\Users\Daniel\Documents\Compu\Semestre_8\Compu_Grafica\Project1\Project1\main.cpp(958,11): warning C4244: '=': conversión de 'double' a 'GLfloat'; posible pérdida de datos
D:\Users\Daniel\Documents\Compu\Semestre_8\Compu_Grafica\Project1\Project1\main.cpp(965,10): warning C4244: '=': conversión de 'double' a 'GLfloat'; posible pérdida de datos
D:\Users\Daniel\Documents\Compu\Semestre_8\Compu_Grafica\Project1\Project1\main.cpp(966,10): warning C4244: '=': conversión de 'double' a 'GLfloat'; posible pérdida de datos
D:\Users\Daniel\Documents\Compu\Semestre_8\Compu_Grafica\Project1\Project1\main.cpp(968,39): warning C4244: 'argumento': conversión de 'double' a 'float'; posible pérdida de datos
D:\Users\Daniel\Documents\Compu\Semestre_8\Compu_Grafica\Project1\Project1\main.cpp(968,30): warning C4244: 'argumento': conversión de 'double' a 'float'; posible pérdida de datos
D:\Users\Daniel\Documents\Compu\Semestre_8\Compu_Grafica\Project1\Project1\main.cpp(973,28): warning C4244: 'argumento': conversión de 'double' a 'float'; posible pérdida de datos
LINK : warning LNK4098: la biblioteca predeterminada'MSVCRT' entra en conflicto con otras bibliotecas; use la biblioteca /NODEFAULTLIB:biblioteca
  Project1.vcxproj -> D:\Users\Daniel\Documents\Compu\Semestre_8\Compu_Grafica\Project1\x64\Debug\Project1.exe
