  20252.cpp
C:\Users\saidj\Downloads\CG_20252_09\Definitivo\include\shader_m.h(44,40): warning C4101: 'e': variable local sin referencia
  (compilando archivo de origen "20252.cpp")
  
C:\Users\saidj\Downloads\CG_20252_09\Definitivo\include\mesh.h(88,50): warning C4267: 'argumento': conversión de 'size_t' a 'GLsizei'; posible pérdida de datos
  (compilando archivo de origen "20252.cpp")
  
C:\Users\saidj\Downloads\CG_20252_09\Definitivo\include\meshAnim.h(116,50): warning C4267: 'argumento': conversión de 'size_t' a 'GLsizei'; posible pérdida de datos
  (compilando archivo de origen "20252.cpp")
  
C:\Users\saidj\Downloads\CG_20252_09\Definitivo\include\modelAnim.h(104,44): warning C4244: '=': conversión de 'double' a 'float'; posible pérdida de datos
  (compilando archivo de origen "20252.cpp")
  
C:\Users\saidj\Downloads\CG_20252_09\Definitivo\include\modelAnim.h(520,24): warning C4244: 'inicializando': conversión de 'double' a 'float'; posible pérdida de datos
  (compilando archivo de origen "20252.cpp")
  
C:\Users\saidj\Downloads\CG_20252_09\Definitivo\20252.cpp(563,27): warning C4244: '=': conversión de 'Uint64' a 'double'; posible pérdida de datos
C:\Users\saidj\Downloads\CG_20252_09\Definitivo\20252.cpp(994,11): warning C4244: '=': conversión de 'double' a 'GLfloat'; posible pérdida de datos
C:\Users\saidj\Downloads\CG_20252_09\Definitivo\20252.cpp(995,11): warning C4244: '=': conversión de 'double' a 'GLfloat'; posible pérdida de datos
C:\Users\saidj\Downloads\CG_20252_09\Definitivo\20252.cpp(1002,10): warning C4244: '=': conversión de 'double' a 'GLfloat'; posible pérdida de datos
C:\Users\saidj\Downloads\CG_20252_09\Definitivo\20252.cpp(1003,10): warning C4244: '=': conversión de 'double' a 'GLfloat'; posible pérdida de datos
C:\Users\saidj\Downloads\CG_20252_09\Definitivo\20252.cpp(1005,39): warning C4244: 'argumento': conversión de 'double' a 'float'; posible pérdida de datos
C:\Users\saidj\Downloads\CG_20252_09\Definitivo\20252.cpp(1005,30): warning C4244: 'argumento': conversión de 'double' a 'float'; posible pérdida de datos
C:\Users\saidj\Downloads\CG_20252_09\Definitivo\20252.cpp(1010,28): warning C4244: 'argumento': conversión de 'double' a 'float'; posible pérdida de datos
LINK : warning LNK4098: la biblioteca predeterminada'MSVCRT' entra en conflicto con otras bibliotecas; use la biblioteca /NODEFAULTLIB:biblioteca
  Definitivo.vcxproj -> C:\Users\saidj\Downloads\CG_20252_09\Definitivo\x64\Debug\Definitivo.exe
