  main.cpp
D:\Users\Daniel\Documents\Compu\Semestre_8\Compu_Grafica\lab\Proyecto\Project1\Proyecto_Compu_Grafica\include\shader_m.h(44,40): warning C4101: 'e': variable local sin referencia
  (compilando archivo de origen "main.cpp")
  
D:\Users\Daniel\Documents\Compu\Semestre_8\Compu_Grafica\lab\Proyecto\Project1\Proyecto_Compu_Grafica\include\mesh.h(88,50): warning C4267: 'argumento': conversión de 'size_t' a 'GLsizei'; posible pérdida de datos
  (compilando archivo de origen "main.cpp")
  
D:\Users\Daniel\Documents\Compu\Semestre_8\Compu_Grafica\lab\Proyecto\Project1\Proyecto_Compu_Grafica\include\meshAnim.h(116,50): warning C4267: 'argumento': conversión de 'size_t' a 'GLsizei'; posible pérdida de datos
  (compilando archivo de origen "main.cpp")
  
D:\Users\Daniel\Documents\Compu\Semestre_8\Compu_Grafica\lab\Proyecto\Project1\Proyecto_Compu_Grafica\include\modelAnim.h(104,44): warning C4244: '=': conversión de 'double' a 'float'; posible pérdida de datos
  (compilando archivo de origen "main.cpp")
  
D:\Users\Daniel\Documents\Compu\Semestre_8\Compu_Grafica\lab\Proyecto\Project1\Proyecto_Compu_Grafica\include\modelAnim.h(520,24): warning C4244: 'inicializando': conversión de 'double' a 'float'; posible pérdida de datos
  (compilando archivo de origen "main.cpp")
  
D:\Users\Daniel\Documents\Compu\Semestre_8\Compu_Grafica\lab\Proyecto\Project1\Proyecto_Compu_Grafica\main.cpp(530,27): warning C4244: '=': conversión de 'Uint64' a 'double'; posible pérdida de datos
D:\Users\Daniel\Documents\Compu\Semestre_8\Compu_Grafica\lab\Proyecto\Project1\Proyecto_Compu_Grafica\main.cpp(1099,11): warning C4244: '=': conversión de 'double' a 'GLfloat'; posible pérdida de datos
D:\Users\Daniel\Documents\Compu\Semestre_8\Compu_Grafica\lab\Proyecto\Project1\Proyecto_Compu_Grafica\main.cpp(1100,11): warning C4244: '=': conversión de 'double' a 'GLfloat'; posible pérdida de datos
D:\Users\Daniel\Documents\Compu\Semestre_8\Compu_Grafica\lab\Proyecto\Project1\Proyecto_Compu_Grafica\main.cpp(1107,10): warning C4244: '=': conversión de 'double' a 'GLfloat'; posible pérdida de datos
D:\Users\Daniel\Documents\Compu\Semestre_8\Compu_Grafica\lab\Proyecto\Project1\Proyecto_Compu_Grafica\main.cpp(1108,10): warning C4244: '=': conversión de 'double' a 'GLfloat'; posible pérdida de datos
D:\Users\Daniel\Documents\Compu\Semestre_8\Compu_Grafica\lab\Proyecto\Project1\Proyecto_Compu_Grafica\main.cpp(1110,39): warning C4244: 'argumento': conversión de 'double' a 'float'; posible pérdida de datos
D:\Users\Daniel\Documents\Compu\Semestre_8\Compu_Grafica\lab\Proyecto\Project1\Proyecto_Compu_Grafica\main.cpp(1110,30): warning C4244: 'argumento': conversión de 'double' a 'float'; posible pérdida de datos
D:\Users\Daniel\Documents\Compu\Semestre_8\Compu_Grafica\lab\Proyecto\Project1\Proyecto_Compu_Grafica\main.cpp(1115,28): warning C4244: 'argumento': conversión de 'double' a 'float'; posible pérdida de datos
LINK : warning LNK4098: la biblioteca predeterminada'MSVCRT' entra en conflicto con otras bibliotecas; use la biblioteca /NODEFAULTLIB:biblioteca
  Project1.vcxproj -> D:\Users\Daniel\Documents\Compu\Semestre_8\Compu_Grafica\lab\Proyecto\Project1\Proyecto_Compu_Grafica\x64\Debug\Project1.exe
